<?xml version="1.0" encoding="UTF-8"?>
<!-- Generated by org.testng.reporters.JUnitReportReporter -->
<testsuite hostname="LAPTOP-NHVRSJT0" failures="0" tests="4" name="com.crm.qa.testcases.HomePageTest" time="38.697" errors="0" timestamp="2021-03-25T20:51:37 EDT" skipped="0">
  <testcase classname="com.crm.qa.testcases.HomePageTest" name="verifyClickOnCalenderLinkTest" time="7.852"/>
  <system-out/>
  <testcase classname="com.crm.qa.testcases.HomePageTest" name="verifyClickOnContactsLinkTest" time="9.095"/>
  <system-out/>
  <testcase classname="com.crm.qa.testcases.HomePageTest" name="verifyClickOnCompaniesLinkTest" time="11.060"/>
  <system-out/>
  <testcase classname="com.crm.qa.testcases.HomePageTest" name="verifyHomePageTitleTest" time="10.690"/>
  <system-out/>
</testsuite> <!-- com.crm.qa.testcases.HomePageTest -->
