<?xml version="1.0" encoding="UTF-8"?>
<!-- Generated by org.testng.reporters.JUnitReportReporter -->
<testsuite hostname="LAPTOP-NHVRSJT0" failures="0" tests="4" name="com.crm.qa.testcases.LoginPageTest" time="33.343" errors="0" timestamp="2021-03-25T17:41:56 EDT" skipped="0">
  <testcase classname="com.crm.qa.testcases.LoginPageTest" name="verifyTitleTest" time="5.634"/>
  <system-out/>
  <testcase classname="com.crm.qa.testcases.LoginPageTest" name="loginTest" time="6.180"/>
  <system-out/>
  <testcase classname="com.crm.qa.testcases.LoginPageTest" name="verifyClickOnForgotPasswordTest" time="10.832"/>
  <system-out/>
  <testcase classname="com.crm.qa.testcases.LoginPageTest" name="verifyClickOnSignUpTest" time="10.697"/>
  <system-out/>
</testsuite> <!-- com.crm.qa.testcases.LoginPageTest -->
