<?xml version="1.0" encoding="UTF-8"?>
<!-- Generated by org.testng.reporters.JUnitReportReporter -->
<testsuite hostname="LAPTOP-NHVRSJT0" failures="0" tests="1" name="com.crm.qa.testcases.ContactsPageTest" time="10.142" errors="0" timestamp="2021-03-25T21:49:16 EDT" skipped="0">
  <testcase classname="com.crm.qa.testcases.ContactsPageTest" name="VerifyClickOnCreateButtonTest" time="10.142"/>
  <system-out/>
</testsuite> <!-- com.crm.qa.testcases.ContactsPageTest -->
