<?xml version="1.0" encoding="UTF-8"?>
<!-- Generated by org.testng.reporters.JUnitReportReporter -->
<testsuite skipped="0" hostname="LAPTOP-NHVRSJT0" name="com.crm.qa.testcases.HomePageTest" tests="4" failures="0" timestamp="2021-03-26T09:43:09 EDT" time="56.832" errors="0">
  <testcase name="verifyClickOnCalenderLinkTest" time="16.428" classname="com.crm.qa.testcases.HomePageTest"/>
  <system-out/>
  <testcase name="verifyClickOnContactsLinkTest" time="16.323" classname="com.crm.qa.testcases.HomePageTest"/>
  <system-out/>
  <testcase name="verifyClickOnCompaniesLinkTest" time="15.769" classname="com.crm.qa.testcases.HomePageTest"/>
  <system-out/>
  <testcase name="verifyHomePageTitleTest" time="8.312" classname="com.crm.qa.testcases.HomePageTest"/>
  <system-out/>
</testsuite> <!-- com.crm.qa.testcases.HomePageTest -->
