<?xml version="1.0" encoding="UTF-8"?>
<!-- Generated by org.testng.reporters.JUnitReportReporter -->
<testsuite skipped="0" hostname="LAPTOP-NHVRSJT0" name="com.crm.qa.testcases.LoginPageTest" tests="4" failures="0" timestamp="2021-03-26T09:43:09 EDT" time="43.976" errors="0">
  <testcase name="verifyTitleTest" time="9.907" classname="com.crm.qa.testcases.LoginPageTest"/>
  <system-out/>
  <testcase name="loginTest" time="9.996" classname="com.crm.qa.testcases.LoginPageTest"/>
  <system-out/>
  <testcase name="verifyClickOnForgotPasswordTest" time="11.862" classname="com.crm.qa.testcases.LoginPageTest"/>
  <system-out/>
  <testcase name="verifyClickOnSignUpTest" time="12.211" classname="com.crm.qa.testcases.LoginPageTest"/>
  <system-out/>
</testsuite> <!-- com.crm.qa.testcases.LoginPageTest -->
