<?xml version="1.0" encoding="UTF-8"?>
<!-- Generated by org.testng.reporters.JUnitReportReporter -->
<testsuite skipped="0" hostname="LAPTOP-NHVRSJT0" name="com.crm.qa.testcases.ContactsPageTest" tests="1" failures="0" timestamp="2021-03-26T09:43:09 EDT" time="25.253" errors="0">
  <testcase name="VerifyClickOnCreateButtonTest" time="25.253" classname="com.crm.qa.testcases.ContactsPageTest"/>
  <system-out/>
</testsuite> <!-- com.crm.qa.testcases.ContactsPageTest -->
